Bewear Мишаня из команды синих вступает в бой!
Eelektrik Электоугорь из команды зеленых вступает в бой!
Bewear Мишаня обрушает камнепад. 
Eelektrik Электоугорь теряет 46 здоровья.

Eelektrik Электоугорь испепеляет лучами солнца. 
Bewear Мишаня теряет 19 здоровья.

Bewear Мишаня использует клинок ассасина. 
Eelektrik Электоугорь теряет 61 здоровья.
Bewear Мишаня теряет 20 здоровья.

Eelektrik Электоугорь испепеляет лучами солнца. 
Bewear Мишаня теряет 31 здоровья.

Bewear Мишаня использует клинок ассасина. 
Eelektrik Электоугорь теряет 78 здоровья.
Bewear Мишаня теряет 26 здоровья.
Eelektrik Электоугорь теряет сознание.
Eelektross Lohness monster из команды зеленых вступает в бой!
Bewear Мишаня использует клинок ассасина. 
Критический удар!
Eelektross Lohness monster теряет 1818 здоровья.
Bewear Мишаня теряет 606 здоровья.
Оба покемона теряют сознание.
TapuBulu Стрекоза lvl 2000 из команды синих вступает в бой!
Tynamo Рыбка из команды зеленых вступает в бой!
TapuBulu Стрекоза lvl 2000 метает энергетический шар. 
Tynamo Рыбка теряет 9 здоровья.

Tynamo Рыбка звонит Зевсу, чтоб вызвать удар молнией. 
TapuBulu Стрекоза lvl 2000 парализован

TapuBulu Стрекоза lvl 2000 роняет луну. 
Критический удар!
Tynamo Рыбка теряет 18 здоровья.
Tynamo Рыбка теряет сознание.
В команде зеленых не осталось покемонов.
Команда синих побеждает в этом бою!
